<?xml version="1.0" ?>
<!DOCTYPE coverage SYSTEM "http://cobertura.sourceforge.net/xml/coverage-04.dtd">
<coverage lines-valid="76" lines-covered="16" line-rate="0.21050000000000002" branches-valid="40" branches-covered="2" branch-rate="0.05" timestamp="1585077544186" complexity="0" version="0.1">
  <sources>
    <source>c:\Users\bharn\source\repos\nyc-mocha-vscode-extension</source>
  </sources>
  <packages>
    <class name="alert.ts" filename="src\alert\alert.ts" line-rate="0.1333" branch-rate="0">
      <methods>
        <method name="insertAlertCommand" hits="0" signature="()V">
          <lines>
            <line number="6" hits="0"/>
          </lines>
        </method>
        <method name="insertAlert" hits="0" signature="()V">
          <lines>
            <line number="16" hits="0"/>
          </lines>
        </method>
        <method name="(anonymous_2)" hits="0" signature="()V">
          <lines>
            <line number="36" hits="0"/>
          </lines>
        </method>
      </methods>
      <lines>
        <line number="1" hits="1" branch="false"/>
        <line number="2" hits="1" branch="false"/>
        <line number="6" hits="1" branch="false"/>
        <line number="7" hits="0" branch="false"/>
        <line number="10" hits="0" branch="false"/>
        <line number="16" hits="1" branch="false"/>
        <line number="17" hits="0" branch="false"/>
        <line number="18" hits="0" branch="true" condition-coverage="0% (0/2)"/>
        <line number="19" hits="0" branch="false"/>
        <line number="21" hits="0" branch="false"/>
        <line number="22" hits="0" branch="false"/>
        <line number="25" hits="0" branch="true" condition-coverage="0% (0/2)"/>
        <line number="26" hits="0" branch="false"/>
        <line number="29" hits="0" branch="false"/>
        <line number="36" hits="0" branch="false"/>
        <line number="37" hits="0" branch="true" condition-coverage="0% (0/2)"/>
        <line number="38" hits="0" branch="false"/>
        <line number="40" hits="0" branch="false"/>
        <line number="42" hits="0" branch="true" condition-coverage="0% (0/2)"/>
        <line number="43" hits="0" branch="false"/>
        <line number="44" hits="0" branch="true" condition-coverage="0% (0/2)"/>
        <line number="45" hits="0" branch="false"/>
        <line number="47" hits="0" branch="true" condition-coverage="0% (0/2)"/>
        <line number="48" hits="0" branch="false"/>
        <line number="50" hits="0" branch="true" condition-coverage="0% (0/2)"/>
        <line number="51" hits="0" branch="false"/>
        <line number="53" hits="0" branch="true" condition-coverage="0% (0/2)"/>
        <line number="54" hits="0" branch="false"/>
        <line number="56" hits="0" branch="true" condition-coverage="0% (0/2)"/>
        <line number="57" hits="0" branch="false"/>
      </lines>
    </class>
    <class name="common.ts" filename="src\alert\common.ts" line-rate="0.2609" branch-rate="0.0909">
      <methods>
        <method name="(anonymous_0)" hits="1" signature="()V">
          <lines>
            <line number="10" hits="1"/>
          </lines>
        </method>
        <method name="getAlertType" hits="0" signature="()V">
          <lines>
            <line number="23" hits="0"/>
          </lines>
        </method>
        <method name="(anonymous_2)" hits="0" signature="()V">
          <lines>
            <line number="24" hits="0"/>
          </lines>
        </method>
        <method name="isAlert" hits="0" signature="()V">
          <lines>
            <line number="32" hits="0"/>
          </lines>
        </method>
        <method name="(anonymous_4)" hits="0" signature="()V">
          <lines>
            <line number="34" hits="0"/>
          </lines>
        </method>
        <method name="(anonymous_5)" hits="0" signature="()V">
          <lines>
            <line number="35" hits="0"/>
          </lines>
        </method>
        <method name="format" hits="0" signature="()V">
          <lines>
            <line number="50" hits="0"/>
          </lines>
        </method>
        <method name="(anonymous_7)" hits="0" signature="()V">
          <lines>
            <line number="64" hits="0"/>
          </lines>
        </method>
        <method name="(anonymous_8)" hits="0" signature="()V">
          <lines>
            <line number="77" hits="0"/>
          </lines>
        </method>
        <method name="insertContentToEditor" hits="0" signature="()V">
          <lines>
            <line number="83" hits="0"/>
          </lines>
        </method>
        <method name="(anonymous_10)" hits="0" signature="()V">
          <lines>
            <line number="91" hits="0"/>
          </lines>
        </method>
        <method name="(anonymous_11)" hits="0" signature="()V">
          <lines>
            <line number="98" hits="0"/>
          </lines>
        </method>
        <method name="isMarkdownFileCheck" hits="0" signature="()V">
          <lines>
            <line number="107" hits="0"/>
          </lines>
        </method>
      </methods>
      <lines>
        <line number="3" hits="1" branch="false"/>
        <line number="10" hits="1" branch="true" condition-coverage="100% (2/2)"/>
        <line number="11" hits="1" branch="false"/>
        <line number="12" hits="1" branch="false"/>
        <line number="13" hits="1" branch="false"/>
        <line number="14" hits="1" branch="false"/>
        <line number="15" hits="1" branch="false"/>
        <line number="23" hits="1" branch="false"/>
        <line number="24" hits="0" branch="false"/>
        <line number="32" hits="1" branch="false"/>
        <line number="34" hits="0" branch="true" condition-coverage="0% (0/4)"/>
        <line number="35" hits="0" branch="false"/>
        <line number="36" hits="0" branch="false"/>
        <line number="38" hits="0" branch="false"/>
        <line number="50" hits="1" branch="false"/>
        <line number="51" hits="0" branch="false"/>
        <line number="58" hits="0" branch="false"/>
        <line number="59" hits="0" branch="true" condition-coverage="0% (0/2)"/>
        <line number="60" hits="0" branch="true" condition-coverage="0% (0/2)"/>
        <line number="64" hits="0" branch="false"/>
        <line number="65" hits="0" branch="false"/>
        <line number="68" hits="0" branch="false"/>
        <line number="69" hits="0" branch="false"/>
        <line number="70" hits="0" branch="false"/>
        <line number="73" hits="0" branch="true" condition-coverage="0% (0/2)"/>
        <line number="74" hits="0" branch="false"/>
        <line number="77" hits="0" branch="false"/>
        <line number="78" hits="0" branch="false"/>
        <line number="79" hits="0" branch="false"/>
        <line number="83" hits="1" branch="true" condition-coverage="0% (0/2)"/>
        <line number="85" hits="0" branch="true" condition-coverage="0% (0/2)"/>
        <line number="86" hits="0" branch="false"/>
        <line number="89" hits="0" branch="false"/>
        <line number="90" hits="0" branch="true" condition-coverage="0% (0/2)"/>
        <line number="91" hits="0" branch="false"/>
        <line number="92" hits="0" branch="false"/>
        <line number="96" hits="0" branch="false"/>
        <line number="98" hits="0" branch="false"/>
        <line number="99" hits="0" branch="false"/>
        <line number="103" hits="0" branch="false"/>
        <line number="107" hits="1" branch="false"/>
        <line number="108" hits="0" branch="true" condition-coverage="0% (0/2)"/>
        <line number="109" hits="0" branch="true" condition-coverage="0% (0/2)"/>
        <line number="110" hits="0" branch="false"/>
        <line number="112" hits="0" branch="false"/>
        <line number="114" hits="0" branch="false"/>
      </lines>
    </class>
  </packages>
</coverage>
